comqqxgdemo/build/outputs/logs/manifest-merger-debug-report.txt
-- Merging decision tree log ---
manifest
ADDED from src\main\AndroidManifest.xml:1:1-160:12
	package
		ADDED from src\main\AndroidManifest.xml:2:5-28
		INJECTED from src\main\AndroidManifest.xml
		INJECTED from src\main\AndroidManifest.xml
	android:versionName
		ADDED from src\main\AndroidManifest.xml:4:5-30
		INJECTED from src\main\AndroidManifest.xml
		INJECTED from src\main\AndroidManifest.xml
	android:versionCode
		ADDED from src\main\AndroidManifest.xml:3:5-28
		INJECTED from src\main\AndroidManifest.xml
		INJECTED from src\main\AndroidManifest.xml
	xmlns:android
		ADDED from src\main\AndroidManifest.xml:1:11-69
uses-sdk
ADDED from src\main\AndroidManifest.xml:6:5-8:40
	android:targetSdkVersion
		ADDED from src\main\AndroidManifest.xml:8:9-37
		INJECTED from src\main\AndroidManifest.xml
		INJECTED from src\main\AndroidManifest.xml
	android:minSdkVersion
		ADDED from src\main\AndroidManifest.xml:7:9-34
		INJECTED from src\main\AndroidManifest.xml
		INJECTED from src\main\AndroidManifest.xml
application
ADDED from src\main\AndroidManifest.xml:10:5-137:19
	android:label
		ADDED from src\main\AndroidManifest.xml:14:9-41
	android:allowBackup
		ADDED from src\main\AndroidManifest.xml:12:9-35
	android:icon
		ADDED from src\main\AndroidManifest.xml:13:9-45
	android:theme
		ADDED from src\main\AndroidManifest.xml:15:9-40
	android:name
		ADDED from src\main\AndroidManifest.xml:11:9-41
meta-data#com.tencent.rdm.uuid
ADDED from src\main\AndroidManifest.xml:17:2-104
	android:value
		ADDED from src\main\AndroidManifest.xml:17:49-101
	android:name
		ADDED from src\main\AndroidManifest.xml:17:13-48
activity#com.qq.xgdemo.MainActivity
ADDED from src\main\AndroidManifest.xml:18:9-27:20
	android:label
		ADDED from src\main\AndroidManifest.xml:20:13-45
	android:theme
		ADDED from src\main\AndroidManifest.xml:21:13-71
	android:name
		ADDED from src\main\AndroidManifest.xml:19:13-54
intent-filter#android.intent.action.MAIN+android.intent.category.LAUNCHER
ADDED from src\main\AndroidManifest.xml:22:13-26:29
action#android.intent.action.MAIN
ADDED from src\main\AndroidManifest.xml:23:17-69
	android:name
		ADDED from src\main\AndroidManifest.xml:23:25-66
category#android.intent.category.LAUNCHER
ADDED from src\main\AndroidManifest.xml:25:17-77
	android:name
		ADDED from src\main\AndroidManifest.xml:25:27-74
activity#com.qq.xgdemo.DeviceActivity
ADDED from src\main\AndroidManifest.xml:28:9-30:74
	android:theme
		ADDED from src\main\AndroidManifest.xml:30:13-71
	android:name
		ADDED from src\main\AndroidManifest.xml:29:13-56
activity#com.qq.xgdemo.AboutActivity
ADDED from src\main\AndroidManifest.xml:31:9-33:74
	android:theme
		ADDED from src\main\AndroidManifest.xml:33:13-71
	android:name
		ADDED from src\main\AndroidManifest.xml:32:13-55
activity#com.qq.xgdemo.HelpActivity
ADDED from src\main\AndroidManifest.xml:34:9-36:74
	android:theme
		ADDED from src\main\AndroidManifest.xml:36:13-71
	android:name
		ADDED from src\main\AndroidManifest.xml:35:13-54
activity#com.qq.xgdemo.MsgInfoActivity
ADDED from src\main\AndroidManifest.xml:37:9-39:74
	android:theme
		ADDED from src\main\AndroidManifest.xml:39:13-71
	android:name
		ADDED from src\main\AndroidManifest.xml:38:13-57
activity#com.qq.xgdemo.SettingActivity
ADDED from src\main\AndroidManifest.xml:40:9-42:74
	android:theme
		ADDED from src\main\AndroidManifest.xml:42:13-71
	android:name
		ADDED from src\main\AndroidManifest.xml:41:13-57
activity#com.qq.xgdemo.DiagnosisActivity
ADDED from src\main\AndroidManifest.xml:43:9-45:74
	android:theme
		ADDED from src\main\AndroidManifest.xml:45:13-71
	android:name
		ADDED from src\main\AndroidManifest.xml:44:13-59
activity#com.tencent.android.tpush.XGPushActivity
ADDED from src\main\AndroidManifest.xml:48:9-56:20
	android:exported
		ADDED from src\main\AndroidManifest.xml:51:13-37
	android:theme
		ADDED from src\main\AndroidManifest.xml:50:13-61
	android:name
		ADDED from src\main\AndroidManifest.xml:49:13-68
intent-filter#android.intent.action
ADDED from src\main\AndroidManifest.xml:52:13-55:29
action#android.intent.action
ADDED from src\main\AndroidManifest.xml:54:17-64
	android:name
		ADDED from src\main\AndroidManifest.xml:54:25-61
receiver#com.tencent.android.tpush.XGPushReceiver
ADDED from src\main\AndroidManifest.xml:59:9-87:20
	android:process
		ADDED from src\main\AndroidManifest.xml:61:13-45
	android:name
		ADDED from src\main\AndroidManifest.xml:60:13-68
intent-filter#android.bluetooth.adapter.action.STATE_CHANGED+android.intent.action.ACTION_POWER_CONNECTED+android.intent.action.ACTION_POWER_DISCONNECTED+android.intent.action.USER_PRESENT+android.net.conn.CONNECTIVITY_CHANGE+com.tencent.android.tpush.action.INTERNAL_PUSH_MESSAGE+com.tencent.android.tpush.action.SDK
ADDED from src\main\AndroidManifest.xml:62:13-77:29
	android:priority
		ADDED from src\main\AndroidManifest.xml:62:28-57
action#com.tencent.android.tpush.action.SDK
ADDED from src\main\AndroidManifest.xml:65:17-79
	android:name
		ADDED from src\main\AndroidManifest.xml:65:25-76
action#com.tencent.android.tpush.action.INTERNAL_PUSH_MESSAGE
ADDED from src\main\AndroidManifest.xml:66:17-97
	android:name
		ADDED from src\main\AndroidManifest.xml:66:25-94
action#android.net.conn.CONNECTIVITY_CHANGE
ADDED from src\main\AndroidManifest.xml:68:17-79
	android:name
		ADDED from src\main\AndroidManifest.xml:68:25-76
action#android.intent.action.USER_PRESENT
ADDED from src\main\AndroidManifest.xml:71:17-77
	android:name
		ADDED from src\main\AndroidManifest.xml:71:25-74
action#android.bluetooth.adapter.action.STATE_CHANGED
ADDED from src\main\AndroidManifest.xml:74:17-89
	android:name
		ADDED from src\main\AndroidManifest.xml:74:25-86
action#android.intent.action.ACTION_POWER_CONNECTED
ADDED from src\main\AndroidManifest.xml:75:17-87
	android:name
		ADDED from src\main\AndroidManifest.xml:75:25-84
action#android.intent.action.ACTION_POWER_DISCONNECTED
ADDED from src\main\AndroidManifest.xml:76:17-90
	android:name
		ADDED from src\main\AndroidManifest.xml:76:25-87
intent-filter#android.intent.action.MEDIA_CHECKING+android.intent.action.MEDIA_EJECT+android.intent.action.MEDIA_REMOVED+android.intent.action.MEDIA_UNMOUNTED
ADDED from src\main\AndroidManifest.xml:79:13-86:29
	android:priority
		ADDED from src\main\AndroidManifest.xml:79:28-57
action#android.intent.action.MEDIA_UNMOUNTED
ADDED from src\main\AndroidManifest.xml:80:17-80
	android:name
		ADDED from src\main\AndroidManifest.xml:80:25-77
action#android.intent.action.MEDIA_REMOVED
ADDED from src\main\AndroidManifest.xml:81:17-78
	android:name
		ADDED from src\main\AndroidManifest.xml:81:25-75
action#android.intent.action.MEDIA_CHECKING
ADDED from src\main\AndroidManifest.xml:82:17-79
	android:name
		ADDED from src\main\AndroidManifest.xml:82:25-76
action#android.intent.action.MEDIA_EJECT
ADDED from src\main\AndroidManifest.xml:83:17-76
	android:name
		ADDED from src\main\AndroidManifest.xml:83:25-73
data
ADDED from src\main\AndroidManifest.xml:85:17-47
	android:scheme
		ADDED from src\main\AndroidManifest.xml:85:23-44
service#com.tencent.android.tpush.service.XGPushService
ADDED from src\main\AndroidManifest.xml:89:9-93:48
	android:process
		ADDED from src\main\AndroidManifest.xml:93:13-45
	android:exported
		ADDED from src\main\AndroidManifest.xml:91:13-36
	android:persistent
		ADDED from src\main\AndroidManifest.xml:92:13-38
	android:name
		ADDED from src\main\AndroidManifest.xml:90:13-75
service#com.tencent.android.tpush.rpc.XGRemoteService
ADDED from src\main\AndroidManifest.xml:96:9-103:19
	android:exported
		ADDED from src\main\AndroidManifest.xml:98:13-36
	android:name
		ADDED from src\main\AndroidManifest.xml:97:13-73
intent-filter#com.qq.xgdemo.PUSH_ACTION
ADDED from src\main\AndroidManifest.xml:99:13-102:29
action#com.qq.xgdemo.PUSH_ACTION
ADDED from src\main\AndroidManifest.xml:101:17-68
	android:name
		ADDED from src\main\AndroidManifest.xml:101:25-65
receiver#com.qq.xgdemo.receiver.MessageReceiver
ADDED from src\main\AndroidManifest.xml:119:9-127:20
	android:exported
		ADDED from src\main\AndroidManifest.xml:120:13-36
	android:name
		ADDED from src\main\AndroidManifest.xml:119:19-72
intent-filter#com.tencent.android.tpush.action.FEEDBACK+com.tencent.android.tpush.action.PUSH_MESSAGE
ADDED from src\main\AndroidManifest.xml:121:13-126:29
action#com.tencent.android.tpush.action.PUSH_MESSAGE
ADDED from src\main\AndroidManifest.xml:123:17-88
	android:name
		ADDED from src\main\AndroidManifest.xml:123:25-85
action#com.tencent.android.tpush.action.FEEDBACK
ADDED from src\main\AndroidManifest.xml:125:17-84
	android:name
		ADDED from src\main\AndroidManifest.xml:125:25-81
meta-data#XG_V2_ACCESS_ID
ADDED from src\main\AndroidManifest.xml:130:9-132:42
	android:value
		ADDED from src\main\AndroidManifest.xml:132:13-39
	android:name
		ADDED from src\main\AndroidManifest.xml:131:13-43
meta-data#XG_V2_ACCESS_KEY
ADDED from src\main\AndroidManifest.xml:134:9-136:44
	android:value
		ADDED from src\main\AndroidManifest.xml:136:13-41
	android:name
		ADDED from src\main\AndroidManifest.xml:135:13-44
uses-permission#android.permission.INTERNET
ADDED from src\main\AndroidManifest.xml:140:5-67
	android:name
		ADDED from src\main\AndroidManifest.xml:140:22-64
uses-permission#android.permission.READ_PHONE_STATE
ADDED from src\main\AndroidManifest.xml:141:5-75
	android:name
		ADDED from src\main\AndroidManifest.xml:141:22-72
uses-permission#android.permission.ACCESS_WIFI_STATE
ADDED from src\main\AndroidManifest.xml:142:5-76
	android:name
		ADDED from src\main\AndroidManifest.xml:142:22-73
uses-permission#android.permission.ACCESS_NETWORK_STATE
ADDED from src\main\AndroidManifest.xml:143:5-79
	android:name
		ADDED from src\main\AndroidManifest.xml:143:22-76
uses-permission#android.permission.WRITE_SETTINGS
ADDED from src\main\AndroidManifest.xml:144:5-73
	android:name
		ADDED from src\main\AndroidManifest.xml:144:22-70
uses-permission#android.permission.WAKE_LOCK
ADDED from src\main\AndroidManifest.xml:145:5-68
	android:name
		ADDED from src\main\AndroidManifest.xml:145:22-65
uses-permission#android.permission.VIBRATE
ADDED from src\main\AndroidManifest.xml:146:5-66
	android:name
		ADDED from src\main\AndroidManifest.xml:146:22-63
uses-permission#android.permission.RECEIVE_USER_PRESENT
ADDED from src\main\AndroidManifest.xml:148:5-79
	android:name
		ADDED from src\main\AndroidManifest.xml:148:22-76
uses-permission#android.permission.RECEIVE_BOOT_COMPLETED
ADDED from src\main\AndroidManifest.xml:149:5-81
	android:name
		ADDED from src\main\AndroidManifest.xml:149:22-78
uses-permission#android.permission.WRITE_EXTERNAL_STORAGE
ADDED from src\main\AndroidManifest.xml:150:5-81
	android:name
		ADDED from src\main\AndroidManifest.xml:150:22-78
uses-permission#android.permission.RESTART_PACKAGES
ADDED from src\main\AndroidManifest.xml:152:5-75
	android:name
		ADDED from src\main\AndroidManifest.xml:152:22-72
uses-permission#android.permission.BROADCAST_STICKY
ADDED from src\main\AndroidManifest.xml:153:5-75
	android:name
		ADDED from src\main\AndroidManifest.xml:153:22-72
uses-permission#android.permission.KILL_BACKGROUND_PROCESSES
ADDED from src\main\AndroidManifest.xml:154:5-84
	android:name
		ADDED from src\main\AndroidManifest.xml:154:22-81
uses-permission#android.permission.GET_TASKS
ADDED from src\main\AndroidManifest.xml:155:5-68
	android:name
		ADDED from src\main\AndroidManifest.xml:155:22-65
uses-permission#android.permission.READ_LOGS
ADDED from src\main\AndroidManifest.xml:156:5-68
	android:name
		ADDED from src\main\AndroidManifest.xml:156:22-65
uses-permission#android.permission.BLUETOOTH
ADDED from src\main\AndroidManifest.xml:157:5-68
	android:name
		ADDED from src\main\AndroidManifest.xml:157:22-65
uses-permission#android.permission.BATTERY_STATS
ADDED from src\main\AndroidManifest.xml:158:5-72
	android:name
		ADDED from src\main\AndroidManifest.xml:158:22-69